[2018-09-17 10:18:09 +0000] [1] [INFO] Starting gunicorn 19.9.0
[2018-09-17 10:18:09 +0000] [1] [INFO] Listening at: http://0.0.0.0:8000 (1)
[2018-09-17 10:18:09 +0000] [1] [INFO] Using worker: sync
[2018-09-17 10:18:09 +0000] [9] [INFO] Booting worker with pid: 9
[2018-09-17 10:18:09 +0000] [11] [INFO] Booting worker with pid: 11
[2018-09-17 10:18:09 +0000] [13] [INFO] Booting worker with pid: 13
[2018-09-17 10:18:09 +0000] [15] [INFO] Booting worker with pid: 15
[2018-09-17 10:19:12 +0000] [1] [INFO] Handling signal: term
[2018-09-17 13:19:12 +0300] [13] [INFO] Worker exiting (pid: 13)
[2018-09-17 13:19:12 +0300] [9] [INFO] Worker exiting (pid: 9)
[2018-09-17 13:19:12 +0300] [15] [INFO] Worker exiting (pid: 15)
[2018-09-17 13:19:12 +0300] [11] [INFO] Worker exiting (pid: 11)
[2018-09-17 10:19:13 +0000] [1] [INFO] Shutting down: Master
[2018-09-17 10:19:27 +0000] [1] [INFO] Starting gunicorn 19.9.0
[2018-09-17 10:19:27 +0000] [1] [INFO] Listening at: http://0.0.0.0:8000 (1)
[2018-09-17 10:19:27 +0000] [1] [INFO] Using worker: sync
[2018-09-17 10:19:27 +0000] [8] [INFO] Booting worker with pid: 8
[2018-09-17 10:19:27 +0000] [10] [INFO] Booting worker with pid: 10
[2018-09-17 10:19:27 +0000] [12] [INFO] Booting worker with pid: 12
[2018-09-17 10:19:27 +0000] [14] [INFO] Booting worker with pid: 14
[2018-09-17 10:19:58 +0000] [1] [INFO] Handling signal: term
[2018-09-17 13:19:58 +0300] [10] [INFO] Worker exiting (pid: 10)
[2018-09-17 13:19:58 +0300] [12] [INFO] Worker exiting (pid: 12)
[2018-09-17 13:19:58 +0300] [14] [INFO] Worker exiting (pid: 14)
[2018-09-17 13:19:58 +0300] [8] [INFO] Worker exiting (pid: 8)
[2018-09-17 10:19:58 +0000] [1] [INFO] Shutting down: Master
